This is TeX, Version 3.14159265 (TeX Live 2019/dev/Debian) (preloaded format=tex 2019.4.16)  22 AUG 2019 13:23
**fontspec.ins
(./fontspec.ins (./fontspec.dtx)
(/usr/share/texlive/texmf-dist/tex/latex/l3kernel/l3docstrip.tex
(/usr/share/texlive/texmf-dist/tex/latex/base/docstrip.tex
\blockLevel=\count26
\emptyLines=\count27
\processedLines=\count28
\commentsRemoved=\count29
\commentsPassed=\count30
\codeLinesPassed=\count31
\TotalprocessedLines=\count32
\TotalcommentsRemoved=\count33
\TotalcommentsPassed=\count34
\TotalcodeLinesPassed=\count35
\NumberOfFiles=\count36
\inFile=\read0
\inputcheck=\read1
\@tempcnta=\count37
\off@0=\count38
\off@1=\count39
\off@2=\count40
\off@3=\count41
\off@4=\count42
\off@5=\count43
\off@6=\count44
\off@7=\count45
\off@8=\count46
\off@9=\count47
\off@10=\count48
\off@11=\count49
\off@12=\count50
\off@13=\count51
\off@14=\count52
\off@15=\count53
\@temptokena=\toks12
\@maxfiles=\count54
\@maxoutfiles=\count55

Utility: `docstrip' 2.5g <2018/05/03>
English documentation    <2018/05/03>

**********************************************************
* This program converts documented macro-files into fast *
* loadable files by stripping off (nearly) all comments! *
**********************************************************

********************************************************
* No Configuration file found, using default settings. *
********************************************************

))

Generating file(s) fontspec.lua 
\openout0 = `fontspec.lua'.


Processing file fontspec.dtx (lua) -> fontspec.lua
File fontspec.dtx ended by \endinput.
Lines  processed: 101
Comments removed: 29
Comments  passed: 2
Codelines passed: 0


Processing file fontspec-lua.dtx (lua) -> fontspec.lua
Lines  processed: 100
Comments removed: 48
Comments  passed: 1
Codelines passed: 0


Generating file(s) fontspec.sty 
\openout0 = `fontspec.sty'.


Processing file fontspec.dtx (fontspec,load) -> fontspec.sty
File fontspec.dtx ended by \endinput.
Lines  processed: 101
Comments removed: 29
Comments  passed: 2
Codelines passed: 0


Processing file fontspec-code-load.dtx (fontspec,load) -> fontspec.sty
File fontspec-code-load.dtx ended by \endinput.
Lines  processed: 52
Comments removed: 30
Comments  passed: 1
Codelines passed: 0


Generating file(s) fontspec-xetex.sty 
\openout0 = `fontspec-xetex.sty'.


Processing file fontspec.dtx (fontspec,XE) -> fontspec-xetex.sty
File fontspec.dtx ended by \endinput.
Lines  processed: 101
Comments removed: 29
Comments  passed: 2
Codelines passed: 0


Processing file fontspec-code-load.dtx (fontspec,XE) -> fontspec-xetex.sty
File fontspec-code-load.dtx ended by \endinput.
Lines  processed: 52
Comments removed: 30
Comments  passed: 1
Codelines passed: 0


Processing file fontspec-code-vars.dtx (fontspec,XE) -> fontspec-xetex.sty
File fontspec-code-vars.dtx ended by \endinput.
Lines  processed: 315
Comments removed: 155
Comments  passed: 1
Codelines passed: 0


Processing file fontspec-code-msg.dtx (fontspec,XE) -> fontspec-xetex.sty
File fontspec-code-msg.dtx ended by \endinput.
Lines  processed: 268
Comments removed: 39
Comments  passed: 1
Codelines passed: 0


Processing file fontspec-code-opening.dtx (fontspec,XE) -> fontspec-xetex.sty
File fontspec-code-opening.dtx ended by \endinput.
Lines  processed: 196
Comments removed: 93
Comments  passed: 1
Codelines passed: 0


Processing file fontspec-code-fontload.dtx (fontspec,XE) -> fontspec-xetex.sty
File fontspec-code-fontload.dtx ended by \endinput.
Lines  processed: 120
Comments removed: 55
Comments  passed: 1
Codelines passed: 0


Processing file fontspec-code-interfaces.dtx (fontspec,XE) -> fontspec-xetex.st
y
File fontspec-code-interfaces.dtx ended by \endinput.
Lines  processed: 279
Comments removed: 136
Comments  passed: 1
Codelines passed: 0


Processing file fontspec-code-user.dtx (fontspec,XE) -> fontspec-xetex.sty
File fontspec-code-user.dtx ended by \endinput.
Lines  processed: 523
Comments removed: 220
Comments  passed: 1
Codelines passed: 0


Processing file fontspec-code-api.dtx (fontspec,XE) -> fontspec-xetex.sty
File fontspec-code-api.dtx ended by \endinput.
Lines  processed: 373
Comments removed: 159
Comments  passed: 1
Codelines passed: 0


Processing file fontspec-code-internal.dtx (fontspec,XE) -> fontspec-xetex.sty
File fontspec-code-internal.dtx ended by \endinput.
Lines  processed: 1179
Comments removed: 449
Comments  passed: 1
Codelines passed: 0


Processing file fontspec-code-opentype.dtx (fontspec,XE) -> fontspec-xetex.sty
File fontspec-code-opentype.dtx ended by \endinput.
Lines  processed: 460
Comments removed: 112
Comments  passed: 1
Codelines passed: 0


Processing file fontspec-code-graphite.dtx (fontspec,XE) -> fontspec-xetex.sty
File fontspec-code-graphite.dtx ended by \endinput.
Lines  processed: 110
Comments removed: 46
Comments  passed: 1
Codelines passed: 0


Processing file fontspec-code-keyval.dtx (fontspec,XE) -> fontspec-xetex.sty
File fontspec-code-keyval.dtx ended by \endinput.
Lines  processed: 886
Comments removed: 285
Comments  passed: 1
Codelines passed: 0


Processing file fontspec-code-feat-opentype.dtx (fontspec,XE) -> fontspec-xetex
.sty
File fontspec-code-feat-opentype.dtx ended by \endinput.
Lines  processed: 565
Comments removed: 180
Comments  passed: 1
Codelines passed: 0


Processing file fontspec-code-scripts.dtx (fontspec,XE) -> fontspec-xetex.sty
File fontspec-code-scripts.dtx ended by \endinput.
Lines  processed: 167
Comments removed: 17
Comments  passed: 1
Codelines passed: 0


Processing file fontspec-code-lang.dtx (fontspec,XE) -> fontspec-xetex.sty
File fontspec-code-lang.dtx ended by \endinput.
Lines  processed: 402
Comments removed: 14
Comments  passed: 1
Codelines passed: 0


Processing file fontspec-code-feat-aat.dtx (fontspec,XE) -> fontspec-xetex.sty
File fontspec-code-feat-aat.dtx ended by \endinput.
Lines  processed: 224
Comments removed: 82
Comments  passed: 1
Codelines passed: 0


Processing file fontspec-code-enc.dtx (fontspec,XE) -> fontspec-xetex.sty
File fontspec-code-enc.dtx ended by \endinput.
Lines  processed: 156
Comments removed: 63
Comments  passed: 1
Codelines passed: 0


Processing file fontspec-code-math.dtx (fontspec,XE) -> fontspec-xetex.sty
File fontspec-code-math.dtx ended by \endinput.
Lines  processed: 243
Comments removed: 102
Comments  passed: 1
Codelines passed: 0


Processing file fontspec-code-closing.dtx (fontspec,XE) -> fontspec-xetex.sty
File fontspec-code-closing.dtx ended by \endinput.
Lines  processed: 27
Comments removed: 17
Comments  passed: 1
Codelines passed: 0


Processing file fontspec-code-xfss.dtx (fontspec,XE) -> fontspec-xetex.sty
File fontspec-code-xfss.dtx ended by \endinput.
Lines  processed: 273
Comments removed: 103
Comments  passed: 1
Codelines passed: 0


Processing file fontspec-code-patches.dtx (fontspec,XE) -> fontspec-xetex.sty
File fontspec-code-patches.dtx ended by \endinput.
Lines  processed: 165
Comments removed: 72
Comments  passed: 1
Codelines passed: 0


Generating file(s) fontspec-luatex.sty 
\openout0 = `fontspec-luatex.sty'.


Processing file fontspec.dtx (fontspec,LU) -> fontspec-luatex.sty
File fontspec.dtx ended by \endinput.
Lines  processed: 101
Comments removed: 29
Comments  passed: 2
Codelines passed: 0


Processing file fontspec-code-load.dtx (fontspec,LU) -> fontspec-luatex.sty
File fontspec-code-load.dtx ended by \endinput.
Lines  processed: 52
Comments removed: 30
Comments  passed: 1
Codelines passed: 0


Processing file fontspec-code-vars.dtx (fontspec,LU) -> fontspec-luatex.sty
File fontspec-code-vars.dtx ended by \endinput.
Lines  processed: 315
Comments removed: 155
Comments  passed: 1
Codelines passed: 0


Processing file fontspec-code-msg.dtx (fontspec,LU) -> fontspec-luatex.sty
File fontspec-code-msg.dtx ended by \endinput.
Lines  processed: 268
Comments removed: 39
Comments  passed: 1
Codelines passed: 0


Processing file fontspec-code-opening.dtx (fontspec,LU) -> fontspec-luatex.sty
File fontspec-code-opening.dtx ended by \endinput.
Lines  processed: 196
Comments removed: 93
Comments  passed: 1
Codelines passed: 0


Processing file fontspec-code-fontload.dtx (fontspec,LU) -> fontspec-luatex.sty

File fontspec-code-fontload.dtx ended by \endinput.
Lines  processed: 120
Comments removed: 55
Comments  passed: 1
Codelines passed: 0


Processing file fontspec-code-interfaces.dtx (fontspec,LU) -> fontspec-luatex.s
ty
File fontspec-code-interfaces.dtx ended by \endinput.
Lines  processed: 279
Comments removed: 136
Comments  passed: 1
Codelines passed: 0


Processing file fontspec-code-user.dtx (fontspec,LU) -> fontspec-luatex.sty
File fontspec-code-user.dtx ended by \endinput.
Lines  processed: 523
Comments removed: 220
Comments  passed: 1
Codelines passed: 0


Processing file fontspec-code-api.dtx (fontspec,LU) -> fontspec-luatex.sty
File fontspec-code-api.dtx ended by \endinput.
Lines  processed: 373
Comments removed: 159
Comments  passed: 1
Codelines passed: 0


Processing file fontspec-code-internal.dtx (fontspec,LU) -> fontspec-luatex.sty

File fontspec-code-internal.dtx ended by \endinput.
Lines  processed: 1179
Comments removed: 449
Comments  passed: 1
Codelines passed: 0


Processing file fontspec-code-opentype.dtx (fontspec,LU) -> fontspec-luatex.sty

File fontspec-code-opentype.dtx ended by \endinput.
Lines  processed: 460
Comments removed: 112
Comments  passed: 1
Codelines passed: 0


Processing file fontspec-code-graphite.dtx (fontspec,LU) -> fontspec-luatex.sty

File fontspec-code-graphite.dtx ended by \endinput.
Lines  processed: 110
Comments removed: 46
Comments  passed: 1
Codelines passed: 0


Processing file fontspec-code-keyval.dtx (fontspec,LU) -> fontspec-luatex.sty
File fontspec-code-keyval.dtx ended by \endinput.
Lines  processed: 886
Comments removed: 285
Comments  passed: 1
Codelines passed: 0


Processing file fontspec-code-feat-opentype.dtx (fontspec,LU) -> fontspec-luate
x.sty
File fontspec-code-feat-opentype.dtx ended by \endinput.
Lines  processed: 565
Comments removed: 180
Comments  passed: 1
Codelines passed: 0


Processing file fontspec-code-scripts.dtx (fontspec,LU) -> fontspec-luatex.sty
File fontspec-code-scripts.dtx ended by \endinput.
Lines  processed: 167
Comments removed: 17
Comments  passed: 1
Codelines passed: 0


Processing file fontspec-code-lang.dtx (fontspec,LU) -> fontspec-luatex.sty
File fontspec-code-lang.dtx ended by \endinput.
Lines  processed: 402
Comments removed: 14
Comments  passed: 1
Codelines passed: 0


Processing file fontspec-code-feat-aat.dtx (fontspec,LU) -> fontspec-luatex.sty

File fontspec-code-feat-aat.dtx ended by \endinput.
Lines  processed: 224
Comments removed: 82
Comments  passed: 1
Codelines passed: 0


Processing file fontspec-code-enc.dtx (fontspec,LU) -> fontspec-luatex.sty
File fontspec-code-enc.dtx ended by \endinput.
Lines  processed: 156
Comments removed: 63
Comments  passed: 1
Codelines passed: 0


Processing file fontspec-code-math.dtx (fontspec,LU) -> fontspec-luatex.sty
File fontspec-code-math.dtx ended by \endinput.
Lines  processed: 243
Comments removed: 102
Comments  passed: 1
Codelines passed: 0


Processing file fontspec-code-closing.dtx (fontspec,LU) -> fontspec-luatex.sty
File fontspec-code-closing.dtx ended by \endinput.
Lines  processed: 27
Comments removed: 17
Comments  passed: 1
Codelines passed: 0


Processing file fontspec-code-xfss.dtx (fontspec,LU) -> fontspec-luatex.sty
File fontspec-code-xfss.dtx ended by \endinput.
Lines  processed: 273
Comments removed: 103
Comments  passed: 1
Codelines passed: 0


Processing file fontspec-code-patches.dtx (fontspec,LU) -> fontspec-luatex.sty
File fontspec-code-patches.dtx ended by \endinput.
Lines  processed: 165
Comments removed: 72
Comments  passed: 1
Codelines passed: 0

Overall statistics:
Files  processed: 48
Lines  processed: 14522
Comments removed: 5052
Comments  passed: 52
Codelines passed: 0
 )
No pages of output.
